<?xml version="1.0" encoding="UTF-8" ?>
<testsuite failures="0" time="0.175" errors="0" skipped="0" tests="6" name="org.apache.struts2.dispatcher.ng.StrutsPrepareAndExecuteFilterIntegrationTest">
  <properties>
    <property name="java.runtime.name" value="Java(TM) SE Runtime Environment"/>
    <property name="sun.boot.library.path" value="D:\java\jdk1.6.0_43\jre\bin"/>
    <property name="java.vm.version" value="20.14-b01"/>
    <property name="java.vm.vendor" value="Sun Microsystems Inc."/>
    <property name="java.vendor.url" value="http://java.sun.com/"/>
    <property name="path.separator" value=";"/>
    <property name="java.vm.name" value="Java HotSpot(TM) 64-Bit Server VM"/>
    <property name="file.encoding.pkg" value="sun.io"/>
    <property name="user.country" value="CN"/>
    <property name="sun.java.launcher" value="SUN_STANDARD"/>
    <property name="sun.os.patch.level" value="Service Pack 1"/>
    <property name="java.vm.specification.name" value="Java Virtual Machine Specification"/>
    <property name="user.dir" value="D:\java\WorkSpace-Eclipse-Test\struts-2.3.1.2\src\core"/>
    <property name="java.runtime.version" value="1.6.0_43-b01"/>
    <property name="java.awt.graphicsenv" value="sun.awt.Win32GraphicsEnvironment"/>
    <property name="basedir" value="D:\java\WorkSpace-Eclipse-Test\struts-2.3.1.2\src\core"/>
    <property name="java.endorsed.dirs" value="D:\java\jdk1.6.0_43\jre\lib\endorsed"/>
    <property name="os.arch" value="amd64"/>
    <property name="java.io.tmpdir" value="C:\Users\wangteng\AppData\Local\Temp\"/>
    <property name="line.separator" value="
"/>
    <property name="java.vm.specification.vendor" value="Sun Microsystems Inc."/>
    <property name="user.variant" value=""/>
    <property name="os.name" value="Windows 7"/>
    <property name="sun.jnu.encoding" value="GBK"/>
    <property name="java.library.path" value="D:\java\jdk1.6.0_43\jre\bin;C:\windows\Sun\Java\bin;C:\windows\system32;C:\windows;C:\Program Files (x86)\NVIDIA Corporation\PhysX\Common;D:\java\jdk1.6.0_43\bin;D:\java\jdk1.6.0_43\jre\bin;C:\windows\system32;C:\windows;C:\windows\System32\Wbem;C:\windows\System32\WindowsPowerShell\v1.0\;D:\java\apache-tomcat-7.0.63\bin;D:\java\apache-tomcat-7.0.63\lib;D:\java\apache-maven-3.0.4\bin;D:\svn客户端\TortoiseSVN\bin;E:\oracle\product\10.1.0\Db_1\bin;E:\oracle\product\10.1.0\Db_1\jre\1.4.2\bin\client;E:\oracle\product\10.1.0\Db_1\jre\1.4.2\bin;D:\java\gradle-2.5\bin;."/>
    <property name="java.specification.name" value="Java Platform API Specification"/>
    <property name="java.class.version" value="50.0"/>
    <property name="sun.management.compiler" value="HotSpot 64-Bit Tiered Compilers"/>
    <property name="os.version" value="6.1"/>
    <property name="user.home" value="C:\Users\wangteng"/>
    <property name="user.timezone" value="Asia/Shanghai"/>
    <property name="java.awt.printerjob" value="sun.awt.windows.WPrinterJob"/>
    <property name="file.encoding" value="GBK"/>
    <property name="java.specification.version" value="1.6"/>
    <property name="user.name" value="wangteng"/>
    <property name="java.class.path" value="D:\java\maven\repo\org\apache\maven\surefire\surefire-booter\2.3.1\surefire-booter-2.3.1.jar;D:\java\maven\repo\org\apache\maven\surefire\surefire-api\2.3.1\surefire-api-2.3.1.jar;D:\java\maven\repo\org\codehaus\plexus\plexus-utils\1.1\plexus-utils-1.1.jar;D:\java\maven\repo\commons-lang\commons-lang\2.1\commons-lang-2.1.jar;D:\java\maven\repo\org\codehaus\plexus\plexus-archiver\1.0-alpha-7\plexus-archiver-1.0-alpha-7.jar;D:\java\maven\repo\org\codehaus\plexus\plexus-container-default\1.0-alpha-8\plexus-container-default-1.0-alpha-8.jar;D:\java\maven\repo\junit\junit\3.8.1\junit-3.8.1.jar;D:\java\maven\repo\classworlds\classworlds\1.1-alpha-2\classworlds-1.1-alpha-2.jar;D:\java\maven\repo\org\testng\testng\5.1\testng-5.1-jdk15.jar"/>
    <property name="java.vm.specification.version" value="1.0"/>
    <property name="sun.arch.data.model" value="64"/>
    <property name="java.home" value="D:\java\jdk1.6.0_43\jre"/>
    <property name="sun.java.command" value="org.apache.maven.surefire.booter.SurefireBooter C:\Users\wangteng\AppData\Local\Temp\surefire1704127435774183678tmp C:\Users\wangteng\AppData\Local\Temp\surefire2662875774266666937tmp"/>
    <property name="java.specification.vendor" value="Sun Microsystems Inc."/>
    <property name="user.language" value="zh"/>
    <property name="awt.toolkit" value="sun.awt.windows.WToolkit"/>
    <property name="java.vm.info" value="mixed mode"/>
    <property name="java.version" value="1.6.0_43"/>
    <property name="java.ext.dirs" value="D:\java\jdk1.6.0_43\jre\lib\ext;C:\windows\Sun\Java\lib\ext"/>
    <property name="sun.boot.class.path" value="D:\java\jdk1.6.0_43\jre\lib\resources.jar;D:\java\jdk1.6.0_43\jre\lib\rt.jar;D:\java\jdk1.6.0_43\jre\lib\sunrsasign.jar;D:\java\jdk1.6.0_43\jre\lib\jsse.jar;D:\java\jdk1.6.0_43\jre\lib\jce.jar;D:\java\jdk1.6.0_43\jre\lib\charsets.jar;D:\java\jdk1.6.0_43\jre\lib\modules\jdk.boot.jar;D:\java\jdk1.6.0_43\jre\classes"/>
    <property name="java.vendor" value="Sun Microsystems Inc."/>
    <property name="localRepository" value="D:\java\maven\repo"/>
    <property name="file.separator" value="\"/>
    <property name="java.vendor.url.bug" value="http://java.sun.com/cgi-bin/bugreport.cgi"/>
    <property name="sun.cpu.endian" value="little"/>
    <property name="sun.io.unicode.encoding" value="UnicodeLittle"/>
    <property name="sun.desktop" value="windows"/>
    <property name="sun.cpu.isalist" value="amd64"/>
  </properties>
  <testcase time="0.021" name="testStaticExecute"/>
  <testcase time="0.041" name="testActionMappingLookup"/>
  <testcase time="0.024" name="test404"/>
  <testcase time="0.022" name="testUriPatternExclusion"/>
  <testcase time="0.027" name="testStaticFallthrough"/>
  <testcase time="0.039" name="test200"/>
</testsuite>